<?xml version="1.0" encoding="UTF-8"?>
<testsuite xmlns:xsi="http://www.w3.org/2001/XMLSchema-instance" xsi:noNamespaceSchemaLocation="https://maven.apache.org/surefire/maven-surefire-plugin/xsd/surefire-test-report.xsd" name="com.tinystacks.sample.SampleApplicationTests" time="1.559" tests="1" errors="0" skipped="0" failures="0">
  <properties>
    <property name="awt.toolkit" value="sun.awt.X11.XToolkit"/>
    <property name="file.encoding.pkg" value="sun.io"/>
    <property name="java.specification.version" value="1.8"/>
    <property name="sun.cpu.isalist" value=""/>
    <property name="sun.jnu.encoding" value="UTF-8"/>
    <property name="java.class.path" value="/home/zayd/workspace/aws-docker-templates-spring/target/test-classes:/home/zayd/workspace/aws-docker-templates-spring/target/classes:/home/zayd/.m2/repository/org/springframework/boot/spring-boot-starter-web/2.4.1/spring-boot-starter-web-2.4.1.jar:/home/zayd/.m2/repository/org/springframework/boot/spring-boot-starter/2.4.1/spring-boot-starter-2.4.1.jar:/home/zayd/.m2/repository/org/springframework/boot/spring-boot/2.4.1/spring-boot-2.4.1.jar:/home/zayd/.m2/repository/org/springframework/boot/spring-boot-autoconfigure/2.4.1/spring-boot-autoconfigure-2.4.1.jar:/home/zayd/.m2/repository/org/springframework/boot/spring-boot-starter-logging/2.4.1/spring-boot-starter-logging-2.4.1.jar:/home/zayd/.m2/repository/ch/qos/logback/logback-classic/1.2.3/logback-classic-1.2.3.jar:/home/zayd/.m2/repository/ch/qos/logback/logback-core/1.2.3/logback-core-1.2.3.jar:/home/zayd/.m2/repository/org/apache/logging/log4j/log4j-to-slf4j/2.13.3/log4j-to-slf4j-2.13.3.jar:/home/zayd/.m2/repository/org/apache/logging/log4j/log4j-api/2.13.3/log4j-api-2.13.3.jar:/home/zayd/.m2/repository/org/slf4j/jul-to-slf4j/1.7.30/jul-to-slf4j-1.7.30.jar:/home/zayd/.m2/repository/jakarta/annotation/jakarta.annotation-api/1.3.5/jakarta.annotation-api-1.3.5.jar:/home/zayd/.m2/repository/org/yaml/snakeyaml/1.27/snakeyaml-1.27.jar:/home/zayd/.m2/repository/org/springframework/boot/spring-boot-starter-json/2.4.1/spring-boot-starter-json-2.4.1.jar:/home/zayd/.m2/repository/com/fasterxml/jackson/core/jackson-databind/2.11.3/jackson-databind-2.11.3.jar:/home/zayd/.m2/repository/com/fasterxml/jackson/datatype/jackson-datatype-jdk8/2.11.3/jackson-datatype-jdk8-2.11.3.jar:/home/zayd/.m2/repository/com/fasterxml/jackson/datatype/jackson-datatype-jsr310/2.11.3/jackson-datatype-jsr310-2.11.3.jar:/home/zayd/.m2/repository/com/fasterxml/jackson/module/jackson-module-parameter-names/2.11.3/jackson-module-parameter-names-2.11.3.jar:/home/zayd/.m2/repository/org/springframework/boot/spring-boot-starter-tomcat/2.4.1/spring-boot-starter-tomcat-2.4.1.jar:/home/zayd/.m2/repository/org/apache/tomcat/embed/tomcat-embed-core/9.0.41/tomcat-embed-core-9.0.41.jar:/home/zayd/.m2/repository/org/glassfish/jakarta.el/3.0.3/jakarta.el-3.0.3.jar:/home/zayd/.m2/repository/org/apache/tomcat/embed/tomcat-embed-websocket/9.0.41/tomcat-embed-websocket-9.0.41.jar:/home/zayd/.m2/repository/org/springframework/spring-web/5.3.2/spring-web-5.3.2.jar:/home/zayd/.m2/repository/org/springframework/spring-beans/5.3.2/spring-beans-5.3.2.jar:/home/zayd/.m2/repository/org/springframework/spring-webmvc/5.3.2/spring-webmvc-5.3.2.jar:/home/zayd/.m2/repository/org/springframework/spring-aop/5.3.2/spring-aop-5.3.2.jar:/home/zayd/.m2/repository/org/springframework/spring-context/5.3.2/spring-context-5.3.2.jar:/home/zayd/.m2/repository/org/springframework/spring-expression/5.3.2/spring-expression-5.3.2.jar:/home/zayd/.m2/repository/software/amazon/awssdk/sts/2.13.7/sts-2.13.7.jar:/home/zayd/.m2/repository/software/amazon/awssdk/aws-query-protocol/2.13.7/aws-query-protocol-2.13.7.jar:/home/zayd/.m2/repository/software/amazon/awssdk/protocol-core/2.13.7/protocol-core-2.13.7.jar:/home/zayd/.m2/repository/software/amazon/awssdk/profiles/2.13.7/profiles-2.13.7.jar:/home/zayd/.m2/repository/software/amazon/awssdk/sdk-core/2.13.7/sdk-core-2.13.7.jar:/home/zayd/.m2/repository/org/slf4j/slf4j-api/1.7.30/slf4j-api-1.7.30.jar:/home/zayd/.m2/repository/com/fasterxml/jackson/core/jackson-core/2.11.3/jackson-core-2.11.3.jar:/home/zayd/.m2/repository/org/reactivestreams/reactive-streams/1.0.3/reactive-streams-1.0.3.jar:/home/zayd/.m2/repository/software/amazon/awssdk/auth/2.13.7/auth-2.13.7.jar:/home/zayd/.m2/repository/software/amazon/eventstream/eventstream/1.0.1/eventstream-1.0.1.jar:/home/zayd/.m2/repository/software/amazon/awssdk/http-client-spi/2.13.7/http-client-spi-2.13.7.jar:/home/zayd/.m2/repository/software/amazon/awssdk/regions/2.13.7/regions-2.13.7.jar:/home/zayd/.m2/repository/com/fasterxml/jackson/core/jackson-annotations/2.11.3/jackson-annotations-2.11.3.jar:/home/zayd/.m2/repository/software/amazon/awssdk/annotations/2.13.7/annotations-2.13.7.jar:/home/zayd/.m2/repository/software/amazon/awssdk/utils/2.13.7/utils-2.13.7.jar:/home/zayd/.m2/repository/software/amazon/awssdk/aws-core/2.13.7/aws-core-2.13.7.jar:/home/zayd/.m2/repository/software/amazon/awssdk/apache-client/2.13.7/apache-client-2.13.7.jar:/home/zayd/.m2/repository/org/apache/httpcomponents/httpclient/4.5.13/httpclient-4.5.13.jar:/home/zayd/.m2/repository/commons-codec/commons-codec/1.15/commons-codec-1.15.jar:/home/zayd/.m2/repository/org/apache/httpcomponents/httpcore/4.4.14/httpcore-4.4.14.jar:/home/zayd/.m2/repository/software/amazon/awssdk/netty-nio-client/2.13.7/netty-nio-client-2.13.7.jar:/home/zayd/.m2/repository/io/netty/netty-codec-http/4.1.55.Final/netty-codec-http-4.1.55.Final.jar:/home/zayd/.m2/repository/io/netty/netty-codec-http2/4.1.55.Final/netty-codec-http2-4.1.55.Final.jar:/home/zayd/.m2/repository/io/netty/netty-codec/4.1.55.Final/netty-codec-4.1.55.Final.jar:/home/zayd/.m2/repository/io/netty/netty-transport/4.1.55.Final/netty-transport-4.1.55.Final.jar:/home/zayd/.m2/repository/io/netty/netty-resolver/4.1.55.Final/netty-resolver-4.1.55.Final.jar:/home/zayd/.m2/repository/io/netty/netty-common/4.1.55.Final/netty-common-4.1.55.Final.jar:/home/zayd/.m2/repository/io/netty/netty-buffer/4.1.55.Final/netty-buffer-4.1.55.Final.jar:/home/zayd/.m2/repository/io/netty/netty-handler/4.1.55.Final/netty-handler-4.1.55.Final.jar:/home/zayd/.m2/repository/io/netty/netty-transport-native-epoll/4.1.55.Final/netty-transport-native-epoll-4.1.55.Final-linux-x86_64.jar:/home/zayd/.m2/repository/io/netty/netty-transport-native-unix-common/4.1.55.Final/netty-transport-native-unix-common-4.1.55.Final.jar:/home/zayd/.m2/repository/com/typesafe/netty/netty-reactive-streams-http/2.0.4/netty-reactive-streams-http-2.0.4.jar:/home/zayd/.m2/repository/com/typesafe/netty/netty-reactive-streams/2.0.4/netty-reactive-streams-2.0.4.jar:/home/zayd/.m2/repository/software/amazon/awssdk/dynamodb/2.13.7/dynamodb-2.13.7.jar:/home/zayd/.m2/repository/software/amazon/awssdk/aws-json-protocol/2.13.7/aws-json-protocol-2.13.7.jar:/home/zayd/.m2/repository/com/amazonaws/aws-java-sdk-dynamodb/1.11.934/aws-java-sdk-dynamodb-1.11.934.jar:/home/zayd/.m2/repository/com/amazonaws/aws-java-sdk-s3/1.11.934/aws-java-sdk-s3-1.11.934.jar:/home/zayd/.m2/repository/com/amazonaws/aws-java-sdk-kms/1.11.934/aws-java-sdk-kms-1.11.934.jar:/home/zayd/.m2/repository/com/amazonaws/aws-java-sdk-core/1.11.934/aws-java-sdk-core-1.11.934.jar:/home/zayd/.m2/repository/commons-logging/commons-logging/1.1.3/commons-logging-1.1.3.jar:/home/zayd/.m2/repository/software/amazon/ion/ion-java/1.0.2/ion-java-1.0.2.jar:/home/zayd/.m2/repository/com/fasterxml/jackson/dataformat/jackson-dataformat-cbor/2.11.3/jackson-dataformat-cbor-2.11.3.jar:/home/zayd/.m2/repository/joda-time/joda-time/2.8.1/joda-time-2.8.1.jar:/home/zayd/.m2/repository/com/amazonaws/jmespath-java/1.11.934/jmespath-java-1.11.934.jar:/home/zayd/.m2/repository/software/amazon/awssdk/cognitoidentityprovider/2.13.7/cognitoidentityprovider-2.13.7.jar:/home/zayd/.m2/repository/org/springframework/boot/spring-boot-starter-test/2.4.1/spring-boot-starter-test-2.4.1.jar:/home/zayd/.m2/repository/org/springframework/boot/spring-boot-test/2.4.1/spring-boot-test-2.4.1.jar:/home/zayd/.m2/repository/org/springframework/boot/spring-boot-test-autoconfigure/2.4.1/spring-boot-test-autoconfigure-2.4.1.jar:/home/zayd/.m2/repository/com/jayway/jsonpath/json-path/2.4.0/json-path-2.4.0.jar:/home/zayd/.m2/repository/net/minidev/json-smart/2.3/json-smart-2.3.jar:/home/zayd/.m2/repository/net/minidev/accessors-smart/1.2/accessors-smart-1.2.jar:/home/zayd/.m2/repository/org/ow2/asm/asm/5.0.4/asm-5.0.4.jar:/home/zayd/.m2/repository/jakarta/xml/bind/jakarta.xml.bind-api/2.3.3/jakarta.xml.bind-api-2.3.3.jar:/home/zayd/.m2/repository/jakarta/activation/jakarta.activation-api/1.2.2/jakarta.activation-api-1.2.2.jar:/home/zayd/.m2/repository/org/assertj/assertj-core/3.18.1/assertj-core-3.18.1.jar:/home/zayd/.m2/repository/org/hamcrest/hamcrest/2.2/hamcrest-2.2.jar:/home/zayd/.m2/repository/org/junit/jupiter/junit-jupiter/5.7.0/junit-jupiter-5.7.0.jar:/home/zayd/.m2/repository/org/junit/jupiter/junit-jupiter-api/5.7.0/junit-jupiter-api-5.7.0.jar:/home/zayd/.m2/repository/org/apiguardian/apiguardian-api/1.1.0/apiguardian-api-1.1.0.jar:/home/zayd/.m2/repository/org/opentest4j/opentest4j/1.2.0/opentest4j-1.2.0.jar:/home/zayd/.m2/repository/org/junit/platform/junit-platform-commons/1.7.0/junit-platform-commons-1.7.0.jar:/home/zayd/.m2/repository/org/junit/jupiter/junit-jupiter-params/5.7.0/junit-jupiter-params-5.7.0.jar:/home/zayd/.m2/repository/org/junit/jupiter/junit-jupiter-engine/5.7.0/junit-jupiter-engine-5.7.0.jar:/home/zayd/.m2/repository/org/junit/platform/junit-platform-engine/1.7.0/junit-platform-engine-1.7.0.jar:/home/zayd/.m2/repository/org/mockito/mockito-core/3.6.28/mockito-core-3.6.28.jar:/home/zayd/.m2/repository/net/bytebuddy/byte-buddy/1.10.18/byte-buddy-1.10.18.jar:/home/zayd/.m2/repository/net/bytebuddy/byte-buddy-agent/1.10.18/byte-buddy-agent-1.10.18.jar:/home/zayd/.m2/repository/org/objenesis/objenesis/3.1/objenesis-3.1.jar:/home/zayd/.m2/repository/org/mockito/mockito-junit-jupiter/3.6.28/mockito-junit-jupiter-3.6.28.jar:/home/zayd/.m2/repository/org/skyscreamer/jsonassert/1.5.0/jsonassert-1.5.0.jar:/home/zayd/.m2/repository/com/vaadin/external/google/android-json/0.0.20131108.vaadin1/android-json-0.0.20131108.vaadin1.jar:/home/zayd/.m2/repository/org/springframework/spring-core/5.3.2/spring-core-5.3.2.jar:/home/zayd/.m2/repository/org/springframework/spring-jcl/5.3.2/spring-jcl-5.3.2.jar:/home/zayd/.m2/repository/org/springframework/spring-test/5.3.2/spring-test-5.3.2.jar:/home/zayd/.m2/repository/org/xmlunit/xmlunit-core/2.7.0/xmlunit-core-2.7.0.jar:"/>
    <property name="java.vm.vendor" value="Oracle Corporation"/>
    <property name="sun.arch.data.model" value="64"/>
    <property name="java.vendor.url" value="http://java.oracle.com/"/>
    <property name="user.timezone" value=""/>
    <property name="java.vm.specification.version" value="1.8"/>
    <property name="os.name" value="Linux"/>
    <property name="user.country" value="US"/>
    <property name="sun.java.launcher" value="SUN_STANDARD"/>
    <property name="sun.boot.library.path" value="/usr/lib/jvm/java-8-openjdk/jre/lib/amd64"/>
    <property name="sun.java.command" value="/home/zayd/workspace/aws-docker-templates-spring/target/surefire/surefirebooter6442555533956925030.jar /home/zayd/workspace/aws-docker-templates-spring/target/surefire 2021-05-04T14-32-11_126-jvmRun1 surefire883357520115416772tmp surefire_07522521702559840081tmp"/>
    <property name="surefire.test.class.path" value="/home/zayd/workspace/aws-docker-templates-spring/target/test-classes:/home/zayd/workspace/aws-docker-templates-spring/target/classes:/home/zayd/.m2/repository/org/springframework/boot/spring-boot-starter-web/2.4.1/spring-boot-starter-web-2.4.1.jar:/home/zayd/.m2/repository/org/springframework/boot/spring-boot-starter/2.4.1/spring-boot-starter-2.4.1.jar:/home/zayd/.m2/repository/org/springframework/boot/spring-boot/2.4.1/spring-boot-2.4.1.jar:/home/zayd/.m2/repository/org/springframework/boot/spring-boot-autoconfigure/2.4.1/spring-boot-autoconfigure-2.4.1.jar:/home/zayd/.m2/repository/org/springframework/boot/spring-boot-starter-logging/2.4.1/spring-boot-starter-logging-2.4.1.jar:/home/zayd/.m2/repository/ch/qos/logback/logback-classic/1.2.3/logback-classic-1.2.3.jar:/home/zayd/.m2/repository/ch/qos/logback/logback-core/1.2.3/logback-core-1.2.3.jar:/home/zayd/.m2/repository/org/apache/logging/log4j/log4j-to-slf4j/2.13.3/log4j-to-slf4j-2.13.3.jar:/home/zayd/.m2/repository/org/apache/logging/log4j/log4j-api/2.13.3/log4j-api-2.13.3.jar:/home/zayd/.m2/repository/org/slf4j/jul-to-slf4j/1.7.30/jul-to-slf4j-1.7.30.jar:/home/zayd/.m2/repository/jakarta/annotation/jakarta.annotation-api/1.3.5/jakarta.annotation-api-1.3.5.jar:/home/zayd/.m2/repository/org/yaml/snakeyaml/1.27/snakeyaml-1.27.jar:/home/zayd/.m2/repository/org/springframework/boot/spring-boot-starter-json/2.4.1/spring-boot-starter-json-2.4.1.jar:/home/zayd/.m2/repository/com/fasterxml/jackson/core/jackson-databind/2.11.3/jackson-databind-2.11.3.jar:/home/zayd/.m2/repository/com/fasterxml/jackson/datatype/jackson-datatype-jdk8/2.11.3/jackson-datatype-jdk8-2.11.3.jar:/home/zayd/.m2/repository/com/fasterxml/jackson/datatype/jackson-datatype-jsr310/2.11.3/jackson-datatype-jsr310-2.11.3.jar:/home/zayd/.m2/repository/com/fasterxml/jackson/module/jackson-module-parameter-names/2.11.3/jackson-module-parameter-names-2.11.3.jar:/home/zayd/.m2/repository/org/springframework/boot/spring-boot-starter-tomcat/2.4.1/spring-boot-starter-tomcat-2.4.1.jar:/home/zayd/.m2/repository/org/apache/tomcat/embed/tomcat-embed-core/9.0.41/tomcat-embed-core-9.0.41.jar:/home/zayd/.m2/repository/org/glassfish/jakarta.el/3.0.3/jakarta.el-3.0.3.jar:/home/zayd/.m2/repository/org/apache/tomcat/embed/tomcat-embed-websocket/9.0.41/tomcat-embed-websocket-9.0.41.jar:/home/zayd/.m2/repository/org/springframework/spring-web/5.3.2/spring-web-5.3.2.jar:/home/zayd/.m2/repository/org/springframework/spring-beans/5.3.2/spring-beans-5.3.2.jar:/home/zayd/.m2/repository/org/springframework/spring-webmvc/5.3.2/spring-webmvc-5.3.2.jar:/home/zayd/.m2/repository/org/springframework/spring-aop/5.3.2/spring-aop-5.3.2.jar:/home/zayd/.m2/repository/org/springframework/spring-context/5.3.2/spring-context-5.3.2.jar:/home/zayd/.m2/repository/org/springframework/spring-expression/5.3.2/spring-expression-5.3.2.jar:/home/zayd/.m2/repository/software/amazon/awssdk/sts/2.13.7/sts-2.13.7.jar:/home/zayd/.m2/repository/software/amazon/awssdk/aws-query-protocol/2.13.7/aws-query-protocol-2.13.7.jar:/home/zayd/.m2/repository/software/amazon/awssdk/protocol-core/2.13.7/protocol-core-2.13.7.jar:/home/zayd/.m2/repository/software/amazon/awssdk/profiles/2.13.7/profiles-2.13.7.jar:/home/zayd/.m2/repository/software/amazon/awssdk/sdk-core/2.13.7/sdk-core-2.13.7.jar:/home/zayd/.m2/repository/org/slf4j/slf4j-api/1.7.30/slf4j-api-1.7.30.jar:/home/zayd/.m2/repository/com/fasterxml/jackson/core/jackson-core/2.11.3/jackson-core-2.11.3.jar:/home/zayd/.m2/repository/org/reactivestreams/reactive-streams/1.0.3/reactive-streams-1.0.3.jar:/home/zayd/.m2/repository/software/amazon/awssdk/auth/2.13.7/auth-2.13.7.jar:/home/zayd/.m2/repository/software/amazon/eventstream/eventstream/1.0.1/eventstream-1.0.1.jar:/home/zayd/.m2/repository/software/amazon/awssdk/http-client-spi/2.13.7/http-client-spi-2.13.7.jar:/home/zayd/.m2/repository/software/amazon/awssdk/regions/2.13.7/regions-2.13.7.jar:/home/zayd/.m2/repository/com/fasterxml/jackson/core/jackson-annotations/2.11.3/jackson-annotations-2.11.3.jar:/home/zayd/.m2/repository/software/amazon/awssdk/annotations/2.13.7/annotations-2.13.7.jar:/home/zayd/.m2/repository/software/amazon/awssdk/utils/2.13.7/utils-2.13.7.jar:/home/zayd/.m2/repository/software/amazon/awssdk/aws-core/2.13.7/aws-core-2.13.7.jar:/home/zayd/.m2/repository/software/amazon/awssdk/apache-client/2.13.7/apache-client-2.13.7.jar:/home/zayd/.m2/repository/org/apache/httpcomponents/httpclient/4.5.13/httpclient-4.5.13.jar:/home/zayd/.m2/repository/commons-codec/commons-codec/1.15/commons-codec-1.15.jar:/home/zayd/.m2/repository/org/apache/httpcomponents/httpcore/4.4.14/httpcore-4.4.14.jar:/home/zayd/.m2/repository/software/amazon/awssdk/netty-nio-client/2.13.7/netty-nio-client-2.13.7.jar:/home/zayd/.m2/repository/io/netty/netty-codec-http/4.1.55.Final/netty-codec-http-4.1.55.Final.jar:/home/zayd/.m2/repository/io/netty/netty-codec-http2/4.1.55.Final/netty-codec-http2-4.1.55.Final.jar:/home/zayd/.m2/repository/io/netty/netty-codec/4.1.55.Final/netty-codec-4.1.55.Final.jar:/home/zayd/.m2/repository/io/netty/netty-transport/4.1.55.Final/netty-transport-4.1.55.Final.jar:/home/zayd/.m2/repository/io/netty/netty-resolver/4.1.55.Final/netty-resolver-4.1.55.Final.jar:/home/zayd/.m2/repository/io/netty/netty-common/4.1.55.Final/netty-common-4.1.55.Final.jar:/home/zayd/.m2/repository/io/netty/netty-buffer/4.1.55.Final/netty-buffer-4.1.55.Final.jar:/home/zayd/.m2/repository/io/netty/netty-handler/4.1.55.Final/netty-handler-4.1.55.Final.jar:/home/zayd/.m2/repository/io/netty/netty-transport-native-epoll/4.1.55.Final/netty-transport-native-epoll-4.1.55.Final-linux-x86_64.jar:/home/zayd/.m2/repository/io/netty/netty-transport-native-unix-common/4.1.55.Final/netty-transport-native-unix-common-4.1.55.Final.jar:/home/zayd/.m2/repository/com/typesafe/netty/netty-reactive-streams-http/2.0.4/netty-reactive-streams-http-2.0.4.jar:/home/zayd/.m2/repository/com/typesafe/netty/netty-reactive-streams/2.0.4/netty-reactive-streams-2.0.4.jar:/home/zayd/.m2/repository/software/amazon/awssdk/dynamodb/2.13.7/dynamodb-2.13.7.jar:/home/zayd/.m2/repository/software/amazon/awssdk/aws-json-protocol/2.13.7/aws-json-protocol-2.13.7.jar:/home/zayd/.m2/repository/com/amazonaws/aws-java-sdk-dynamodb/1.11.934/aws-java-sdk-dynamodb-1.11.934.jar:/home/zayd/.m2/repository/com/amazonaws/aws-java-sdk-s3/1.11.934/aws-java-sdk-s3-1.11.934.jar:/home/zayd/.m2/repository/com/amazonaws/aws-java-sdk-kms/1.11.934/aws-java-sdk-kms-1.11.934.jar:/home/zayd/.m2/repository/com/amazonaws/aws-java-sdk-core/1.11.934/aws-java-sdk-core-1.11.934.jar:/home/zayd/.m2/repository/commons-logging/commons-logging/1.1.3/commons-logging-1.1.3.jar:/home/zayd/.m2/repository/software/amazon/ion/ion-java/1.0.2/ion-java-1.0.2.jar:/home/zayd/.m2/repository/com/fasterxml/jackson/dataformat/jackson-dataformat-cbor/2.11.3/jackson-dataformat-cbor-2.11.3.jar:/home/zayd/.m2/repository/joda-time/joda-time/2.8.1/joda-time-2.8.1.jar:/home/zayd/.m2/repository/com/amazonaws/jmespath-java/1.11.934/jmespath-java-1.11.934.jar:/home/zayd/.m2/repository/software/amazon/awssdk/cognitoidentityprovider/2.13.7/cognitoidentityprovider-2.13.7.jar:/home/zayd/.m2/repository/org/springframework/boot/spring-boot-starter-test/2.4.1/spring-boot-starter-test-2.4.1.jar:/home/zayd/.m2/repository/org/springframework/boot/spring-boot-test/2.4.1/spring-boot-test-2.4.1.jar:/home/zayd/.m2/repository/org/springframework/boot/spring-boot-test-autoconfigure/2.4.1/spring-boot-test-autoconfigure-2.4.1.jar:/home/zayd/.m2/repository/com/jayway/jsonpath/json-path/2.4.0/json-path-2.4.0.jar:/home/zayd/.m2/repository/net/minidev/json-smart/2.3/json-smart-2.3.jar:/home/zayd/.m2/repository/net/minidev/accessors-smart/1.2/accessors-smart-1.2.jar:/home/zayd/.m2/repository/org/ow2/asm/asm/5.0.4/asm-5.0.4.jar:/home/zayd/.m2/repository/jakarta/xml/bind/jakarta.xml.bind-api/2.3.3/jakarta.xml.bind-api-2.3.3.jar:/home/zayd/.m2/repository/jakarta/activation/jakarta.activation-api/1.2.2/jakarta.activation-api-1.2.2.jar:/home/zayd/.m2/repository/org/assertj/assertj-core/3.18.1/assertj-core-3.18.1.jar:/home/zayd/.m2/repository/org/hamcrest/hamcrest/2.2/hamcrest-2.2.jar:/home/zayd/.m2/repository/org/junit/jupiter/junit-jupiter/5.7.0/junit-jupiter-5.7.0.jar:/home/zayd/.m2/repository/org/junit/jupiter/junit-jupiter-api/5.7.0/junit-jupiter-api-5.7.0.jar:/home/zayd/.m2/repository/org/apiguardian/apiguardian-api/1.1.0/apiguardian-api-1.1.0.jar:/home/zayd/.m2/repository/org/opentest4j/opentest4j/1.2.0/opentest4j-1.2.0.jar:/home/zayd/.m2/repository/org/junit/platform/junit-platform-commons/1.7.0/junit-platform-commons-1.7.0.jar:/home/zayd/.m2/repository/org/junit/jupiter/junit-jupiter-params/5.7.0/junit-jupiter-params-5.7.0.jar:/home/zayd/.m2/repository/org/junit/jupiter/junit-jupiter-engine/5.7.0/junit-jupiter-engine-5.7.0.jar:/home/zayd/.m2/repository/org/junit/platform/junit-platform-engine/1.7.0/junit-platform-engine-1.7.0.jar:/home/zayd/.m2/repository/org/mockito/mockito-core/3.6.28/mockito-core-3.6.28.jar:/home/zayd/.m2/repository/net/bytebuddy/byte-buddy/1.10.18/byte-buddy-1.10.18.jar:/home/zayd/.m2/repository/net/bytebuddy/byte-buddy-agent/1.10.18/byte-buddy-agent-1.10.18.jar:/home/zayd/.m2/repository/org/objenesis/objenesis/3.1/objenesis-3.1.jar:/home/zayd/.m2/repository/org/mockito/mockito-junit-jupiter/3.6.28/mockito-junit-jupiter-3.6.28.jar:/home/zayd/.m2/repository/org/skyscreamer/jsonassert/1.5.0/jsonassert-1.5.0.jar:/home/zayd/.m2/repository/com/vaadin/external/google/android-json/0.0.20131108.vaadin1/android-json-0.0.20131108.vaadin1.jar:/home/zayd/.m2/repository/org/springframework/spring-core/5.3.2/spring-core-5.3.2.jar:/home/zayd/.m2/repository/org/springframework/spring-jcl/5.3.2/spring-jcl-5.3.2.jar:/home/zayd/.m2/repository/org/springframework/spring-test/5.3.2/spring-test-5.3.2.jar:/home/zayd/.m2/repository/org/xmlunit/xmlunit-core/2.7.0/xmlunit-core-2.7.0.jar:"/>
    <property name="sun.cpu.endian" value="little"/>
    <property name="user.home" value="/home/zayd"/>
    <property name="user.language" value="en"/>
    <property name="java.specification.vendor" value="Oracle Corporation"/>
    <property name="java.home" value="/usr/lib/jvm/java-8-openjdk/jre"/>
    <property name="basedir" value="/home/zayd/workspace/aws-docker-templates-spring"/>
    <property name="file.separator" value="/"/>
    <property name="line.separator" value="&#10;"/>
    <property name="java.vm.specification.vendor" value="Oracle Corporation"/>
    <property name="java.specification.name" value="Java Platform API Specification"/>
    <property name="java.awt.graphicsenv" value="sun.awt.X11GraphicsEnvironment"/>
    <property name="surefire.real.class.path" value="/home/zayd/workspace/aws-docker-templates-spring/target/surefire/surefirebooter6442555533956925030.jar"/>
    <property name="sun.boot.class.path" value="/usr/lib/jvm/java-8-openjdk/jre/lib/resources.jar:/usr/lib/jvm/java-8-openjdk/jre/lib/rt.jar:/usr/lib/jvm/java-8-openjdk/jre/lib/sunrsasign.jar:/usr/lib/jvm/java-8-openjdk/jre/lib/jsse.jar:/usr/lib/jvm/java-8-openjdk/jre/lib/jce.jar:/usr/lib/jvm/java-8-openjdk/jre/lib/charsets.jar:/usr/lib/jvm/java-8-openjdk/jre/lib/jfr.jar:/usr/lib/jvm/java-8-openjdk/jre/classes"/>
    <property name="sun.management.compiler" value="HotSpot 64-Bit Tiered Compilers"/>
    <property name="java.runtime.version" value="1.8.0_292-b10"/>
    <property name="user.name" value="zayd"/>
    <property name="path.separator" value=":"/>
    <property name="os.version" value="5.10.32-1-MANJARO"/>
    <property name="java.endorsed.dirs" value="/usr/lib/jvm/java-8-openjdk/jre/lib/endorsed"/>
    <property name="java.runtime.name" value="OpenJDK Runtime Environment"/>
    <property name="file.encoding" value="UTF-8"/>
    <property name="java.vm.name" value="OpenJDK 64-Bit Server VM"/>
    <property name="localRepository" value="/home/zayd/.m2/repository"/>
    <property name="java.vendor.url.bug" value="http://bugreport.sun.com/bugreport/"/>
    <property name="java.io.tmpdir" value="/tmp"/>
    <property name="java.version" value="1.8.0_292"/>
    <property name="user.dir" value="/home/zayd/workspace/aws-docker-templates-spring"/>
    <property name="os.arch" value="amd64"/>
    <property name="java.vm.specification.name" value="Java Virtual Machine Specification"/>
    <property name="java.awt.printerjob" value="sun.print.PSPrinterJob"/>
    <property name="sun.os.patch.level" value="unknown"/>
    <property name="java.library.path" value="/usr/java/packages/lib/amd64:/usr/lib64:/lib64:/lib:/usr/lib"/>
    <property name="java.vm.info" value="mixed mode"/>
    <property name="java.vendor" value="Oracle Corporation"/>
    <property name="java.vm.version" value="25.292-b10"/>
    <property name="java.ext.dirs" value="/usr/lib/jvm/java-8-openjdk/jre/lib/ext:/usr/java/packages/lib/ext"/>
    <property name="sun.io.unicode.encoding" value="UnicodeLittle"/>
    <property name="java.class.version" value="52.0"/>
  </properties>
  <testcase name="contextLoads" classname="com.tinystacks.sample.SampleApplicationTests" time="0.093"/>
</testsuite>